<?xml version="1.0" encoding="UTF-8"?>
<testng-results ignored="0" total="1" passed="1" failed="0" skipped="0">
  <reporter-output>
    <line>
      <![CDATA[AtoZ is selected in StorBy DropDown]]>
    </line>
    <line>
      <![CDATA[Test Scrips is Passed]]>
    </line>
  </reporter-output>
  <suite started-at="2024-07-25T13:08:32 IST" name="Suite" finished-at="2024-07-25T13:08:46 IST" duration-ms="14792">
    <groups>
    </groups>
    <test started-at="2024-07-25T13:08:32 IST" name="Test" finished-at="2024-07-25T13:08:46 IST" duration-ms="14792">
      <class name="testngassignment.DemoTestScripts">
        <test-method is-config="true" signature="Pom(java.lang.String)[pri:0, instance:testngassignment.DemoTestScripts@3ce1e309]" started-at="2024-07-25T13:08:32 IST" name="Pom" finished-at="2024-07-25T13:08:39 IST" duration-ms="7675" status="PASS">
          <params>
            <param index="0">
              <value>
                <![CDATA[chrome]]>
              </value>
            </param>
          </params>
          <reporter-output>
          </reporter-output>
        </test-method> <!-- Pom -->
        <test-method is-config="true" signature="LoginPage()[pri:0, instance:testngassignment.DemoTestScripts@3ce1e309]" started-at="2024-07-25T13:08:39 IST" name="LoginPage" finished-at="2024-07-25T13:08:42 IST" duration-ms="2290" status="PASS">
          <reporter-output>
          </reporter-output>
        </test-method> <!-- LoginPage -->
        <test-method signature="CheckBooks()[pri:0, instance:testngassignment.DemoTestScripts@3ce1e309]" started-at="2024-07-25T13:08:42 IST" name="CheckBooks" finished-at="2024-07-25T13:08:46 IST" duration-ms="4175" status="PASS">
          <reporter-output>
            <line>
              <![CDATA[AtoZ is selected in StorBy DropDown]]>
            </line>
            <line>
              <![CDATA[Test Scrips is Passed]]>
            </line>
          </reporter-output>
        </test-method> <!-- CheckBooks -->
        <test-method is-config="true" signature="LogoutPage()[pri:0, instance:testngassignment.DemoTestScripts@3ce1e309]" started-at="2024-07-25T13:08:46 IST" name="LogoutPage" finished-at="2024-07-25T13:08:46 IST" duration-ms="0" status="PASS">
          <reporter-output>
          </reporter-output>
        </test-method> <!-- LogoutPage -->
        <test-method is-config="true" signature="ClosePage()[pri:0, instance:testngassignment.DemoTestScripts@3ce1e309]" started-at="2024-07-25T13:08:46 IST" name="ClosePage" finished-at="2024-07-25T13:08:46 IST" duration-ms="329" status="PASS">
          <reporter-output>
          </reporter-output>
        </test-method> <!-- ClosePage -->
      </class> <!-- testngassignment.DemoTestScripts -->
    </test> <!-- Test -->
  </suite> <!-- Suite -->
</testng-results>
